  isw.cpp
C:\Users\Zver\source\repos\isw\isw\isw.cpp(23,42): warning C4244: аргумент: преобразование "float" в "T", возможна потеря данных
          with
          [
              T=int
          ]
C:\Users\Zver\source\repos\isw\isw\isw.cpp(23,39): warning C4244: аргумент: преобразование "float" в "T", возможна потеря данных
          with
          [
              T=int
          ]
C:\Users\Zver\source\repos\isw\isw\isw.cpp(23,36): warning C4244: аргумент: преобразование "float" в "T", возможна потеря данных
          with
          [
              T=int
          ]
C:\Users\Zver\source\repos\isw\isw\isw.cpp(23,33): warning C4244: аргумент: преобразование "float" в "T", возможна потеря данных
          with
          [
              T=int
          ]
C:\Users\Zver\source\repos\isw\isw\isw.cpp(54,15): warning C4244: инициализация: преобразование "sf::Int64" в "double", возможна потеря данных
C:\Users\Zver\source\repos\isw\isw\isw.cpp(76,32): warning C4244: +=: преобразование "double" в "float", возможна потеря данных
C:\Users\Zver\source\repos\isw\isw\isw.cpp(79,23): warning C4244: аргумент: преобразование "double" в "float", возможна потеря данных
C:\Users\Zver\source\repos\isw\isw\isw.cpp(85,32): warning C4244: +=: преобразование "double" в "float", возможна потеря данных
C:\Users\Zver\source\repos\isw\isw\isw.cpp(88,21): warning C4244: аргумент: преобразование "double" в "float", возможна потеря данных
C:\Users\Zver\source\repos\isw\isw\isw.cpp(94,32): warning C4244: +=: преобразование "double" в "float", возможна потеря данных
C:\Users\Zver\source\repos\isw\isw\isw.cpp(98,25): warning C4244: аргумент: преобразование "double" в "float", возможна потеря данных
C:\Users\Zver\source\repos\isw\isw\isw.cpp(103,32): warning C4244: +=: преобразование "double" в "float", возможна потеря данных
C:\Users\Zver\source\repos\isw\isw\isw.cpp(107,24): warning C4244: аргумент: преобразование "double" в "float", возможна потеря данных
C:\Users\Zver\source\repos\isw\isw\isw.cpp(120,33): warning C4244: аргумент: преобразование "int" в "float", возможна потеря данных
C:\Users\Zver\source\repos\isw\isw\isw.cpp(120,25): warning C4244: аргумент: преобразование "int" в "float", возможна потеря данных
  isw.vcxproj -> C:\Users\Zver\source\repos\isw\Debug\isw.exe
